<?xml version="1.0" encoding="UTF-8"?>
<!-- Generated by org.testng.reporters.JUnitXMLReporter -->
<testsuite ignored="0" hostname="DESKTOP-97R2585" failures="2" tests="5" name="OpenTest" time="74.206" errors="0" timestamp="2023-05-04T16:42:57 IST">
  <testcase classname="testCases.TC_003_LoginTest" name="test_loginDDT" time="11.745">
    <failure type="java.lang.AssertionError" message="expected [true] but found [false]">
      <![CDATA[java.lang.AssertionError: expected [true] but found [false]
at testCases.TC_003_LoginTest.test_loginDDT(TC_003_LoginTest.java:66)
at java.base/java.util.ArrayList.forEach(ArrayList.java:1511)
... Removed 29 stack frames]]>
    </failure>
  </testcase> <!-- test_loginDDT -->
  <testcase classname="testCases.TC_003_LoginTest" name="test_loginDDT" time="11.224"/>
  <testcase classname="testCases.TC_003_LoginTest" name="test_loginDDT" time="12.452"/>
  <testcase classname="testCases.TC_003_LoginTest" name="test_loginDDT" time="11.388"/>
  <testcase classname="testCases.TC_003_LoginTest" name="test_loginDDT" time="11.032">
    <failure type="java.lang.AssertionError" message="expected [true] but found [false]">
      <![CDATA[java.lang.AssertionError: expected [true] but found [false]
at testCases.TC_003_LoginTest.test_loginDDT(TC_003_LoginTest.java:66)
at java.base/java.util.ArrayList.forEach(ArrayList.java:1511)
... Removed 29 stack frames]]>
    </failure>
  </testcase> <!-- test_loginDDT -->
</testsuite> <!-- OpenTest -->
